2020-09-28 09:22:02.171  INFO 28164 --- [main] e.t.webpage.ItemsBackendApplication      : Starting ItemsBackendApplication on DESKTOP-IKBV7KI with PID 28164 (C:\Users\arthu\IdeaProjects\snus_shop-wolfsnus\build\classes\java\main started by arthu in C:\Users\arthu\IdeaProjects\snus_shop-wolfsnus)
2020-09-28 09:22:02.174  INFO 28164 --- [main] e.t.webpage.ItemsBackendApplication      : No active profile set, falling back to default profiles: default
2020-09-28 09:22:03.080  INFO 28164 --- [main] .s.d.r.c.RepositoryConfigurationDelegate : Bootstrapping Spring Data JPA repositories in DEFERRED mode.
2020-09-28 09:22:03.137  INFO 28164 --- [main] .s.d.r.c.RepositoryConfigurationDelegate : Finished Spring Data repository scanning in 48ms. Found 1 JPA repository interfaces.
2020-09-28 09:22:03.593  INFO 28164 --- [main] o.s.b.w.embedded.tomcat.TomcatWebServer  : Tomcat initialized with port(s): 8080 (http)
2020-09-28 09:22:03.601  INFO 28164 --- [main] o.apache.catalina.core.StandardService   : Starting service [Tomcat]
2020-09-28 09:22:03.602  INFO 28164 --- [main] org.apache.catalina.core.StandardEngine  : Starting Servlet engine: [Apache Tomcat/9.0.37]
2020-09-28 09:22:03.734  INFO 28164 --- [main] o.a.c.c.C.[Tomcat].[localhost].[/api]    : Initializing Spring embedded WebApplicationContext
2020-09-28 09:22:03.735  INFO 28164 --- [main] w.s.c.ServletWebServerApplicationContext : Root WebApplicationContext: initialization completed in 1519 ms
2020-09-28 09:22:03.775  INFO 28164 --- [main] com.zaxxer.hikari.HikariDataSource       : HikariPool-1 - Starting...
2020-09-28 09:22:03.979  INFO 28164 --- [main] com.zaxxer.hikari.HikariDataSource       : HikariPool-1 - Start completed.
2020-09-28 09:22:03.985  INFO 28164 --- [main] o.s.b.a.h2.H2ConsoleAutoConfiguration    : H2 console available at '/h2-console'. Database available at 'jdbc:h2:./h2/heroes'
2020-09-28 09:22:04.102  INFO 28164 --- [main] o.s.s.concurrent.ThreadPoolTaskExecutor  : Initializing ExecutorService 'applicationTaskExecutor'
2020-09-28 09:22:04.138  INFO 28164 --- [task-1] o.hibernate.jpa.internal.util.LogHelper  : HHH000204: Processing PersistenceUnitInfo [name: default]
2020-09-28 09:22:04.183  INFO 28164 --- [task-1] org.hibernate.Version                    : HHH000412: Hibernate ORM core version 5.4.20.Final
2020-09-28 09:22:04.315  INFO 28164 --- [task-1] o.hibernate.annotations.common.Version   : HCANN000001: Hibernate Commons Annotations {5.1.0.Final}
2020-09-28 09:22:04.373  WARN 28164 --- [main] JpaBaseConfiguration$JpaWebConfiguration : spring.jpa.open-in-view is enabled by default. Therefore, database queries may be performed during view rendering. Explicitly configure spring.jpa.open-in-view to disable this warning
2020-09-28 09:22:04.438  INFO 28164 --- [task-1] org.hibernate.dialect.Dialect            : HHH000400: Using dialect: org.hibernate.dialect.H2Dialect
2020-09-28 09:22:04.760  INFO 28164 --- [main] o.s.b.w.embedded.tomcat.TomcatWebServer  : Tomcat started on port(s): 8080 (http) with context path '/api'
2020-09-28 09:22:04.943  INFO 28164 --- [main] DeferredRepositoryInitializationListener : Triggering deferred initialization of Spring Data repositories…
2020-09-28 09:22:04.999  INFO 28164 --- [task-1] o.h.e.t.j.p.i.JtaPlatformInitiator       : HHH000490: Using JtaPlatform implementation: [org.hibernate.engine.transaction.jta.platform.internal.NoJtaPlatform]
2020-09-28 09:22:05.008  INFO 28164 --- [task-1] j.LocalContainerEntityManagerFactoryBean : Initialized JPA EntityManagerFactory for persistence unit 'default'
2020-09-28 09:22:05.182  INFO 28164 --- [main] DeferredRepositoryInitializationListener : Spring Data repositories initialized!
2020-09-28 09:22:05.192  INFO 28164 --- [main] e.t.webpage.ItemsBackendApplication      : Started ItemsBackendApplication in 3.451 seconds (JVM running for 5.898)
2020-09-28 09:22:09.799  INFO 28164 --- [http-nio-8080-exec-1] o.a.c.c.C.[Tomcat].[localhost].[/api]    : Initializing Spring DispatcherServlet 'dispatcherServlet'
2020-09-28 09:22:09.799  INFO 28164 --- [http-nio-8080-exec-1] o.s.web.servlet.DispatcherServlet        : Initializing Servlet 'dispatcherServlet'
2020-09-28 09:22:09.806  INFO 28164 --- [http-nio-8080-exec-1] o.s.web.servlet.DispatcherServlet        : Completed initialization in 7 ms
2020-09-28 09:24:04.088  INFO 17048 --- [main] e.t.webpage.ItemsBackendApplication      : Starting ItemsBackendApplication on DESKTOP-IKBV7KI with PID 17048 (C:\Users\arthu\IdeaProjects\snus_shop-wolfsnus\build\classes\java\main started by arthu in C:\Users\arthu\IdeaProjects\snus_shop-wolfsnus)
2020-09-28 09:24:04.091  INFO 17048 --- [main] e.t.webpage.ItemsBackendApplication      : No active profile set, falling back to default profiles: default
2020-09-28 09:24:04.990  INFO 17048 --- [main] .s.d.r.c.RepositoryConfigurationDelegate : Bootstrapping Spring Data JPA repositories in DEFERRED mode.
2020-09-28 09:24:05.048  INFO 17048 --- [main] .s.d.r.c.RepositoryConfigurationDelegate : Finished Spring Data repository scanning in 50ms. Found 1 JPA repository interfaces.
2020-09-28 09:24:05.527  INFO 17048 --- [main] o.s.b.w.embedded.tomcat.TomcatWebServer  : Tomcat initialized with port(s): 8080 (http)
2020-09-28 09:24:05.535  INFO 17048 --- [main] o.apache.catalina.core.StandardService   : Starting service [Tomcat]
2020-09-28 09:24:05.537  INFO 17048 --- [main] org.apache.catalina.core.StandardEngine  : Starting Servlet engine: [Apache Tomcat/9.0.37]
2020-09-28 09:24:05.666  INFO 17048 --- [main] o.a.c.c.C.[Tomcat].[localhost].[/api]    : Initializing Spring embedded WebApplicationContext
2020-09-28 09:24:05.666  INFO 17048 --- [main] w.s.c.ServletWebServerApplicationContext : Root WebApplicationContext: initialization completed in 1535 ms
2020-09-28 09:24:05.708  INFO 17048 --- [main] com.zaxxer.hikari.HikariDataSource       : HikariPool-1 - Starting...
2020-09-28 09:24:10.034  INFO 17048 --- [main] com.zaxxer.hikari.HikariDataSource       : HikariPool-1 - Start completed.
2020-09-28 09:24:10.045  INFO 17048 --- [main] o.s.b.a.h2.H2ConsoleAutoConfiguration    : H2 console available at '/h2-console'. Database available at 'jdbc:h2:./h2/heroes'
2020-09-28 09:24:10.250  INFO 17048 --- [main] o.s.s.concurrent.ThreadPoolTaskExecutor  : Initializing ExecutorService 'applicationTaskExecutor'
2020-09-28 09:24:10.299  INFO 17048 --- [task-1] o.hibernate.jpa.internal.util.LogHelper  : HHH000204: Processing PersistenceUnitInfo [name: default]
2020-09-28 09:24:10.360  INFO 17048 --- [task-1] org.hibernate.Version                    : HHH000412: Hibernate ORM core version 5.4.20.Final
2020-09-28 09:24:10.516  INFO 17048 --- [task-1] o.hibernate.annotations.common.Version   : HCANN000001: Hibernate Commons Annotations {5.1.0.Final}
2020-09-28 09:24:10.576  WARN 17048 --- [main] JpaBaseConfiguration$JpaWebConfiguration : spring.jpa.open-in-view is enabled by default. Therefore, database queries may be performed during view rendering. Explicitly configure spring.jpa.open-in-view to disable this warning
2020-09-28 09:24:10.637  INFO 17048 --- [task-1] org.hibernate.dialect.Dialect            : HHH000400: Using dialect: org.hibernate.dialect.H2Dialect
2020-09-28 09:24:11.003  INFO 17048 --- [main] o.s.b.w.embedded.tomcat.TomcatWebServer  : Tomcat started on port(s): 8080 (http) with context path '/api'
2020-09-28 09:24:11.187  INFO 17048 --- [main] DeferredRepositoryInitializationListener : Triggering deferred initialization of Spring Data repositories…
2020-09-28 09:24:11.259  INFO 17048 --- [task-1] o.h.e.t.j.p.i.JtaPlatformInitiator       : HHH000490: Using JtaPlatform implementation: [org.hibernate.engine.transaction.jta.platform.internal.NoJtaPlatform]
2020-09-28 09:24:11.267  INFO 17048 --- [task-1] j.LocalContainerEntityManagerFactoryBean : Initialized JPA EntityManagerFactory for persistence unit 'default'
2020-09-28 09:24:11.434  INFO 17048 --- [main] DeferredRepositoryInitializationListener : Spring Data repositories initialized!
2020-09-28 09:24:11.443  INFO 17048 --- [main] e.t.webpage.ItemsBackendApplication      : Started ItemsBackendApplication in 7.803 seconds (JVM running for 8.745)
2020-09-28 09:24:14.510  INFO 17048 --- [http-nio-8080-exec-1] o.a.c.c.C.[Tomcat].[localhost].[/api]    : Initializing Spring DispatcherServlet 'dispatcherServlet'
2020-09-28 09:24:14.510  INFO 17048 --- [http-nio-8080-exec-1] o.s.web.servlet.DispatcherServlet        : Initializing Servlet 'dispatcherServlet'
2020-09-28 09:24:14.522  INFO 17048 --- [http-nio-8080-exec-1] o.s.web.servlet.DispatcherServlet        : Completed initialization in 11 ms
